DEB [20141110-11:27:27.651] thr=1   paramiko.transport: starting thread (client mode): 0x7f662e50L
INF [20141110-11:27:27.663] thr=1   paramiko.transport: Connected (version 2.0, client OpenSSH_5.3)
DEB [20141110-11:27:27.666] thr=1   paramiko.transport: kex algos:['diffie-hellman-group-exchange-sha256', 'diffie-hellman-group-exchange-sha1', 'diffie-hellman-group14-sha1', 'diffie-hellman-group1-sha1'] server key:['ssh-rsa', 'ssh-dss'] client encrypt:['aes128-ctr', 'aes192-ctr', 'aes256-ctr', 'arcfour256', 'arcfour128', 'aes128-cbc', '3des-cbc', 'blowfish-cbc', 'cast128-cbc', 'aes192-cbc', 'aes256-cbc', 'arcfour', 'rijndael-cbc@lysator.liu.se'] server encrypt:['aes128-ctr', 'aes192-ctr', 'aes256-ctr', 'arcfour256', 'arcfour128', 'aes128-cbc', '3des-cbc', 'blowfish-cbc', 'cast128-cbc', 'aes192-cbc', 'aes256-cbc', 'arcfour', 'rijndael-cbc@lysator.liu.se'] client mac:['hmac-md5', 'hmac-sha1', 'umac-64@openssh.com', 'hmac-sha2-256', 'hmac-sha2-512', 'hmac-ripemd160', 'hmac-ripemd160@openssh.com', 'hmac-sha1-96', 'hmac-md5-96'] server mac:['hmac-md5', 'hmac-sha1', 'umac-64@openssh.com', 'hmac-sha2-256', 'hmac-sha2-512', 'hmac-ripemd160', 'hmac-ripemd160@openssh.com', 'hmac-sha1-96', 'hmac-md5-96'] client compress:['none', 'zlib@openssh.com'] server compress:['none', 'zlib@openssh.com'] client lang:[''] server lang:[''] kex follows?False
DEB [20141110-11:27:27.667] thr=1   paramiko.transport: Ciphers agreed: local=aes128-ctr, remote=aes128-ctr
DEB [20141110-11:27:27.667] thr=1   paramiko.transport: using kex diffie-hellman-group1-sha1; server key type ssh-rsa; cipher: local aes128-ctr, remote aes128-ctr; mac: local hmac-sha1, remote hmac-sha1; compression: local none, remote none
DEB [20141110-11:27:27.690] thr=1   paramiko.transport: Switch to new keys ...
DEB [20141110-11:27:27.691] thr=2   paramiko.transport: Adding ssh-rsa host key for 172.16.209.12: 8d321bc7a3a43dd74c62d4060d349cb6
DEB [20141110-11:27:27.692] thr=2   paramiko.transport: Trying SSH agent key 7e84a67d6ab42efb5e18bc8c662d6784
DEB [20141110-11:27:27.730] thr=1   paramiko.transport: userauth is OK
INF [20141110-11:27:27.767] thr=1   paramiko.transport: Authentication (publickey) failed.
DEB [20141110-11:27:27.793] thr=2   paramiko.transport: Trying discovered key 7e84a67d6ab42efb5e18bc8c662d6784 in /home/andre/.ssh/id_rsa
DEB [20141110-11:27:27.794] thr=1   paramiko.transport: userauth is OK
INF [20141110-11:27:27.811] thr=1   paramiko.transport: Authentication (publickey) failed.
DEB [20141110-11:27:27.813] thr=1   paramiko.transport: userauth is OK
INF [20141110-11:27:27.834] thr=1   paramiko.transport: Authentication (password) successful!
DEB [20141110-11:27:27.844] thr=2   paramiko.transport: [chan 1] Max packet in: 34816 bytes
DEB [20141110-11:27:27.845] thr=1   paramiko.transport: [chan 1] Max packet out: 32768 bytes
INF [20141110-11:27:27.845] thr=1   paramiko.transport: Secsh channel 1 opened.
DEB [20141110-11:27:27.848] thr=1   paramiko.transport: [chan 1] Sesch channel 1 request ok
DEB [20141110-11:27:27.864] thr=1   paramiko.transport: [chan 1] EOF received (1)
DEB [20141110-11:27:27.865] thr=1   paramiko.transport: [chan 1] EOF sent (1)
DEB [20141110-11:27:27.865] thr=1   paramiko.transport: Dropping user packet because connection is dead.
DEB [20141110-11:27:27.865] thr=1   paramiko.transport: Dropping user packet because connection is dead.
DEB [20141110-11:27:27.866] thr=3   paramiko.transport: starting thread (client mode): 0x7f662e90L
INF [20141110-11:27:27.871] thr=3   paramiko.transport: Connected (version 2.0, client OpenSSH_5.3)
DEB [20141110-11:27:27.873] thr=3   paramiko.transport: kex algos:['diffie-hellman-group-exchange-sha256', 'diffie-hellman-group-exchange-sha1', 'diffie-hellman-group14-sha1', 'diffie-hellman-group1-sha1'] server key:['ssh-rsa', 'ssh-dss'] client encrypt:['aes128-ctr', 'aes192-ctr', 'aes256-ctr', 'arcfour256', 'arcfour128', 'aes128-cbc', '3des-cbc', 'blowfish-cbc', 'cast128-cbc', 'aes192-cbc', 'aes256-cbc', 'arcfour', 'rijndael-cbc@lysator.liu.se'] server encrypt:['aes128-ctr', 'aes192-ctr', 'aes256-ctr', 'arcfour256', 'arcfour128', 'aes128-cbc', '3des-cbc', 'blowfish-cbc', 'cast128-cbc', 'aes192-cbc', 'aes256-cbc', 'arcfour', 'rijndael-cbc@lysator.liu.se'] client mac:['hmac-md5', 'hmac-sha1', 'umac-64@openssh.com', 'hmac-sha2-256', 'hmac-sha2-512', 'hmac-ripemd160', 'hmac-ripemd160@openssh.com', 'hmac-sha1-96', 'hmac-md5-96'] server mac:['hmac-md5', 'hmac-sha1', 'umac-64@openssh.com', 'hmac-sha2-256', 'hmac-sha2-512', 'hmac-ripemd160', 'hmac-ripemd160@openssh.com', 'hmac-sha1-96', 'hmac-md5-96'] client compress:['none', 'zlib@openssh.com'] server compress:['none', 'zlib@openssh.com'] client lang:[''] server lang:[''] kex follows?False
DEB [20141110-11:27:27.873] thr=3   paramiko.transport: Ciphers agreed: local=aes128-ctr, remote=aes128-ctr
DEB [20141110-11:27:27.873] thr=3   paramiko.transport: using kex diffie-hellman-group1-sha1; server key type ssh-rsa; cipher: local aes128-ctr, remote aes128-ctr; mac: local hmac-sha1, remote hmac-sha1; compression: local none, remote none
DEB [20141110-11:27:27.890] thr=3   paramiko.transport: Switch to new keys ...
DEB [20141110-11:27:27.898] thr=2   paramiko.transport: Adding ssh-rsa host key for 172.16.209.10: fe2f1aacfbb761111887a9261740bc3b
DEB [20141110-11:27:27.899] thr=2   paramiko.transport: Trying SSH agent key 7e84a67d6ab42efb5e18bc8c662d6784
DEB [20141110-11:27:27.931] thr=3   paramiko.transport: userauth is OK
INF [20141110-11:27:27.948] thr=3   paramiko.transport: Authentication (publickey) failed.
DEB [20141110-11:27:27.965] thr=2   paramiko.transport: Trying discovered key 7e84a67d6ab42efb5e18bc8c662d6784 in /home/andre/.ssh/id_rsa
DEB [20141110-11:27:27.966] thr=3   paramiko.transport: userauth is OK
INF [20141110-11:27:27.984] thr=3   paramiko.transport: Authentication (publickey) failed.
DEB [20141110-11:27:27.985] thr=3   paramiko.transport: userauth is OK
INF [20141110-11:27:27.996] thr=3   paramiko.transport: Authentication (password) successful!
DEB [20141110-11:27:28.001] thr=2   paramiko.transport: [chan 1] Max packet in: 34816 bytes
DEB [20141110-11:27:28.001] thr=3   paramiko.transport: [chan 1] Max packet out: 32768 bytes
INF [20141110-11:27:28.001] thr=3   paramiko.transport: Secsh channel 1 opened.
DEB [20141110-11:27:28.003] thr=3   paramiko.transport: [chan 1] Sesch channel 1 request ok
DEB [20141110-11:27:28.011] thr=3   paramiko.transport: [chan 1] EOF received (1)
DEB [20141110-11:27:28.011] thr=3   paramiko.transport: [chan 1] EOF sent (1)
DEB [20141110-11:27:28.012] thr=3   paramiko.transport: Dropping user packet because connection is dead.
DEB [20141110-11:27:28.012] thr=3   paramiko.transport: Dropping user packet because connection is dead.
